{"D:\\Coding\\Udemy\\Современный JS c нуля на реальных проектах\\AviaTickets\\src\\js\\app.js": {"path":"D:\\Coding\\Udemy\\Современный JS c нуля на реальных проектах\\AviaTickets\\src\\js\\app.js","statementMap":{"0":{"start":{"line":8,"column":0},"end":{"line":43,"column":3}},"1":{"start":{"line":9,"column":14},"end":{"line":9,"column":25}},"2":{"start":{"line":12,"column":1},"end":{"line":12,"column":11}},"3":{"start":{"line":14,"column":1},"end":{"line":17,"column":4}},"4":{"start":{"line":15,"column":2},"end":{"line":15,"column":21}},"5":{"start":{"line":16,"column":2},"end":{"line":16,"column":17}},"6":{"start":{"line":21,"column":2},"end":{"line":21,"column":25}},"7":{"start":{"line":22,"column":2},"end":{"line":22,"column":56}},"8":{"start":{"line":26,"column":17},"end":{"line":26,"column":63}},"9":{"start":{"line":27,"column":22},"end":{"line":27,"column":73}},"10":{"start":{"line":28,"column":22},"end":{"line":28,"column":44}},"11":{"start":{"line":29,"column":22},"end":{"line":29,"column":44}},"12":{"start":{"line":30,"column":19},"end":{"line":30,"column":43}},"13":{"start":{"line":32,"column":2},"end":{"line":38,"column":5}},"14":{"start":{"line":40,"column":2},"end":{"line":40,"column":36}},"15":{"start":{"line":41,"column":2},"end":{"line":41,"column":48}}},"fnMap":{"0":{"name":"(anonymous_0)","decl":{"start":{"line":8,"column":46},"end":{"line":8,"column":47}},"loc":{"start":{"line":8,"column":51},"end":{"line":43,"column":1}},"line":8},"1":{"name":"(anonymous_1)","decl":{"start":{"line":14,"column":33},"end":{"line":14,"column":34}},"loc":{"start":{"line":14,"column":38},"end":{"line":17,"column":2}},"line":14},"2":{"name":"initApp","decl":{"start":{"line":20,"column":16},"end":{"line":20,"column":23}},"loc":{"start":{"line":20,"column":26},"end":{"line":23,"column":2}},"line":20},"3":{"name":"onFormSubmit","decl":{"start":{"line":25,"column":16},"end":{"line":25,"column":28}},"loc":{"start":{"line":25,"column":31},"end":{"line":42,"column":2}},"line":25}},"branchMap":{},"s":{"0":0,"1":0,"2":0,"3":0,"4":0,"5":0,"6":0,"7":0,"8":0,"9":0,"10":0,"11":0,"12":0,"13":0,"14":0,"15":0},"f":{"0":0,"1":0,"2":0,"3":0},"b":{}}
,"D:\\Coding\\Udemy\\Современный JS c нуля на реальных проектах\\AviaTickets\\src\\js\\config\\apiConfig.js": {"path":"D:\\Coding\\Udemy\\Современный JS c нуля на реальных проектах\\AviaTickets\\src\\js\\config\\apiConfig.js","statementMap":{"0":{"start":{"line":1,"column":15},"end":{"line":3,"column":1}}},"fnMap":{},"branchMap":{},"s":{"0":0},"f":{},"b":{}}
,"D:\\Coding\\Udemy\\Современный JS c нуля на реальных проектах\\AviaTickets\\src\\js\\helpers\\date.js": {"path":"D:\\Coding\\Udemy\\Современный JS c нуля на реальных проектах\\AviaTickets\\src\\js\\helpers\\date.js","statementMap":{"0":{"start":{"line":10,"column":14},"end":{"line":10,"column":27}},"1":{"start":{"line":11,"column":1},"end":{"line":11,"column":27}}},"fnMap":{"0":{"name":"formatDate","decl":{"start":{"line":9,"column":16},"end":{"line":9,"column":26}},"loc":{"start":{"line":9,"column":38},"end":{"line":12,"column":1}},"line":9}},"branchMap":{},"s":{"0":1,"1":1},"f":{"0":1},"b":{},"_coverageSchema":"1a1c01bbd47fc00a2c39e90264f33305004495a9","hash":"0d0b4c0950aa38914c74ba5c3a4c88e894ccaa8e"}
,"D:\\Coding\\Udemy\\Современный JS c нуля на реальных проектах\\AviaTickets\\src\\js\\plugins\\index.js": {"path":"D:\\Coding\\Udemy\\Современный JS c нуля на реальных проектах\\AviaTickets\\src\\js\\plugins\\index.js","statementMap":{},"fnMap":{},"branchMap":{},"s":{},"f":{},"b":{}}
,"D:\\Coding\\Udemy\\Современный JS c нуля на реальных проектах\\AviaTickets\\src\\js\\plugins\\materialize.js": {"path":"D:\\Coding\\Udemy\\Современный JS c нуля на реальных проектах\\AviaTickets\\src\\js\\plugins\\materialize.js","statementMap":{"0":{"start":{"line":5,"column":15},"end":{"line":5,"column":50}},"1":{"start":{"line":6,"column":0},"end":{"line":6,"column":26}},"2":{"start":{"line":9,"column":1},"end":{"line":9,"column":39}},"3":{"start":{"line":13,"column":21},"end":{"line":13,"column":63}},"4":{"start":{"line":14,"column":0},"end":{"line":20,"column":3}},"5":{"start":{"line":23,"column":1},"end":{"line":23,"column":41}},"6":{"start":{"line":27,"column":20},"end":{"line":27,"column":60}},"7":{"start":{"line":28,"column":0},"end":{"line":31,"column":3}},"8":{"start":{"line":34,"column":1},"end":{"line":34,"column":39}}},"fnMap":{"0":{"name":"getSelectInstance","decl":{"start":{"line":8,"column":16},"end":{"line":8,"column":33}},"loc":{"start":{"line":8,"column":40},"end":{"line":10,"column":1}},"line":8},"1":{"name":"getAutocompleteInstance","decl":{"start":{"line":22,"column":16},"end":{"line":22,"column":39}},"loc":{"start":{"line":22,"column":46},"end":{"line":24,"column":1}},"line":22},"2":{"name":"getDatepickerInstance","decl":{"start":{"line":33,"column":16},"end":{"line":33,"column":37}},"loc":{"start":{"line":33,"column":44},"end":{"line":35,"column":1}},"line":33}},"branchMap":{},"s":{"0":0,"1":0,"2":0,"3":0,"4":0,"5":0,"6":0,"7":0,"8":0},"f":{"0":0,"1":0,"2":0},"b":{}}
,"D:\\Coding\\Udemy\\Современный JS c нуля на реальных проектах\\AviaTickets\\src\\js\\services\\apiService.js": {"path":"D:\\Coding\\Udemy\\Современный JS c нуля на реальных проектах\\AviaTickets\\src\\js\\services\\apiService.js","statementMap":{"0":{"start":{"line":6,"column":2},"end":{"line":6,"column":24}},"1":{"start":{"line":9,"column":2},"end":{"line":15,"column":3}},"2":{"start":{"line":10,"column":20},"end":{"line":10,"column":60}},"3":{"start":{"line":11,"column":3},"end":{"line":11,"column":24}},"4":{"start":{"line":13,"column":3},"end":{"line":13,"column":22}},"5":{"start":{"line":14,"column":3},"end":{"line":14,"column":32}},"6":{"start":{"line":19,"column":2},"end":{"line":25,"column":3}},"7":{"start":{"line":20,"column":20},"end":{"line":20,"column":57}},"8":{"start":{"line":21,"column":3},"end":{"line":21,"column":24}},"9":{"start":{"line":23,"column":3},"end":{"line":23,"column":22}},"10":{"start":{"line":24,"column":3},"end":{"line":24,"column":32}},"11":{"start":{"line":29,"column":2},"end":{"line":35,"column":3}},"12":{"start":{"line":30,"column":20},"end":{"line":30,"column":59}},"13":{"start":{"line":31,"column":3},"end":{"line":31,"column":24}},"14":{"start":{"line":33,"column":3},"end":{"line":33,"column":22}},"15":{"start":{"line":34,"column":3},"end":{"line":34,"column":32}},"16":{"start":{"line":39,"column":2},"end":{"line":47,"column":3}},"17":{"start":{"line":40,"column":20},"end":{"line":42,"column":5}},"18":{"start":{"line":43,"column":3},"end":{"line":43,"column":24}},"19":{"start":{"line":45,"column":3},"end":{"line":45,"column":22}},"20":{"start":{"line":46,"column":3},"end":{"line":46,"column":32}},"21":{"start":{"line":51,"column":12},"end":{"line":51,"column":27}}},"fnMap":{"0":{"name":"(anonymous_0)","decl":{"start":{"line":5,"column":1},"end":{"line":5,"column":2}},"loc":{"start":{"line":5,"column":21},"end":{"line":7,"column":2}},"line":5},"1":{"name":"(anonymous_1)","decl":{"start":{"line":8,"column":1},"end":{"line":8,"column":2}},"loc":{"start":{"line":8,"column":19},"end":{"line":16,"column":2}},"line":8},"2":{"name":"(anonymous_2)","decl":{"start":{"line":18,"column":1},"end":{"line":18,"column":2}},"loc":{"start":{"line":18,"column":16},"end":{"line":26,"column":2}},"line":18},"3":{"name":"(anonymous_3)","decl":{"start":{"line":28,"column":1},"end":{"line":28,"column":2}},"loc":{"start":{"line":28,"column":18},"end":{"line":36,"column":2}},"line":28},"4":{"name":"(anonymous_4)","decl":{"start":{"line":38,"column":1},"end":{"line":38,"column":2}},"loc":{"start":{"line":38,"column":22},"end":{"line":48,"column":2}},"line":38}},"branchMap":{},"s":{"0":0,"1":0,"2":0,"3":0,"4":0,"5":0,"6":0,"7":0,"8":0,"9":0,"10":0,"11":0,"12":0,"13":0,"14":0,"15":0,"16":0,"17":0,"18":0,"19":0,"20":0,"21":0},"f":{"0":0,"1":0,"2":0,"3":0,"4":0},"b":{}}
,"D:\\Coding\\Udemy\\Современный JS c нуля на реальных проектах\\AviaTickets\\src\\js\\store\\locations.js": {"path":"D:\\Coding\\Udemy\\Современный JS c нуля на реальных проектах\\AviaTickets\\src\\js\\store\\locations.js","statementMap":{"0":{"start":{"line":6,"column":2},"end":{"line":6,"column":17}},"1":{"start":{"line":7,"column":2},"end":{"line":7,"column":24}},"2":{"start":{"line":8,"column":2},"end":{"line":8,"column":21}},"3":{"start":{"line":9,"column":2},"end":{"line":9,"column":28}},"4":{"start":{"line":10,"column":2},"end":{"line":10,"column":23}},"5":{"start":{"line":11,"column":2},"end":{"line":11,"column":21}},"6":{"start":{"line":12,"column":2},"end":{"line":12,"column":39}},"7":{"start":{"line":15,"column":19},"end":{"line":19,"column":4}},"8":{"start":{"line":20,"column":40},"end":{"line":20,"column":48}},"9":{"start":{"line":21,"column":2},"end":{"line":21,"column":54}},"10":{"start":{"line":22,"column":2},"end":{"line":22,"column":45}},"11":{"start":{"line":23,"column":2},"end":{"line":23,"column":65}},"12":{"start":{"line":24,"column":2},"end":{"line":24,"column":51}},"13":{"start":{"line":26,"column":2},"end":{"line":26,"column":18}},"14":{"start":{"line":30,"column":15},"end":{"line":32,"column":3}},"15":{"start":{"line":31,"column":11},"end":{"line":31,"column":33}},"16":{"start":{"line":33,"column":2},"end":{"line":33,"column":19}},"17":{"start":{"line":37,"column":2},"end":{"line":37,"column":32}},"18":{"start":{"line":41,"column":2},"end":{"line":41,"column":61}},"19":{"start":{"line":45,"column":2},"end":{"line":45,"column":61}},"20":{"start":{"line":49,"column":2},"end":{"line":52,"column":9}},"21":{"start":{"line":50,"column":3},"end":{"line":50,"column":30}},"22":{"start":{"line":51,"column":3},"end":{"line":51,"column":14}},"23":{"start":{"line":56,"column":2},"end":{"line":59,"column":9}},"24":{"start":{"line":57,"column":3},"end":{"line":57,"column":31}},"25":{"start":{"line":58,"column":3},"end":{"line":58,"column":14}},"26":{"start":{"line":63,"column":2},"end":{"line":73,"column":9}},"27":{"start":{"line":64,"column":24},"end":{"line":64,"column":62}},"28":{"start":{"line":65,"column":3},"end":{"line":65,"column":54}},"29":{"start":{"line":66,"column":21},"end":{"line":66,"column":52}},"30":{"start":{"line":67,"column":3},"end":{"line":71,"column":5}},"31":{"start":{"line":72,"column":3},"end":{"line":72,"column":14}},"32":{"start":{"line":77,"column":2},"end":{"line":82,"column":9}},"33":{"start":{"line":78,"column":3},"end":{"line":78,"column":62}},"34":{"start":{"line":79,"column":3},"end":{"line":79,"column":54}},"35":{"start":{"line":80,"column":3},"end":{"line":80,"column":25}},"36":{"start":{"line":81,"column":3},"end":{"line":81,"column":14}},"37":{"start":{"line":86,"column":2},"end":{"line":86,"column":35}},"38":{"start":{"line":90,"column":19},"end":{"line":90,"column":48}},"39":{"start":{"line":91,"column":2},"end":{"line":91,"column":57}},"40":{"start":{"line":95,"column":2},"end":{"line":111,"column":5}},"41":{"start":{"line":96,"column":3},"end":{"line":110,"column":5}},"42":{"start":{"line":114,"column":18},"end":{"line":114,"column":52}}},"fnMap":{"0":{"name":"(anonymous_0)","decl":{"start":{"line":5,"column":1},"end":{"line":5,"column":2}},"loc":{"start":{"line":5,"column":27},"end":{"line":13,"column":2}},"line":5},"1":{"name":"(anonymous_1)","decl":{"start":{"line":14,"column":1},"end":{"line":14,"column":2}},"loc":{"start":{"line":14,"column":14},"end":{"line":27,"column":2}},"line":14},"2":{"name":"(anonymous_2)","decl":{"start":{"line":29,"column":1},"end":{"line":29,"column":2}},"loc":{"start":{"line":29,"column":23},"end":{"line":34,"column":2}},"line":29},"3":{"name":"(anonymous_3)","decl":{"start":{"line":31,"column":3},"end":{"line":31,"column":4}},"loc":{"start":{"line":31,"column":11},"end":{"line":31,"column":33}},"line":31},"4":{"name":"(anonymous_4)","decl":{"start":{"line":36,"column":1},"end":{"line":36,"column":2}},"loc":{"start":{"line":36,"column":25},"end":{"line":38,"column":2}},"line":36},"5":{"name":"(anonymous_5)","decl":{"start":{"line":40,"column":1},"end":{"line":40,"column":2}},"loc":{"start":{"line":40,"column":28},"end":{"line":42,"column":2}},"line":40},"6":{"name":"(anonymous_6)","decl":{"start":{"line":44,"column":1},"end":{"line":44,"column":2}},"loc":{"start":{"line":44,"column":28},"end":{"line":46,"column":2}},"line":44},"7":{"name":"(anonymous_7)","decl":{"start":{"line":48,"column":1},"end":{"line":48,"column":2}},"loc":{"start":{"line":48,"column":31},"end":{"line":53,"column":2}},"line":48},"8":{"name":"(anonymous_8)","decl":{"start":{"line":49,"column":39},"end":{"line":49,"column":40}},"loc":{"start":{"line":49,"column":58},"end":{"line":52,"column":3}},"line":49},"9":{"name":"(anonymous_9)","decl":{"start":{"line":55,"column":1},"end":{"line":55,"column":2}},"loc":{"start":{"line":55,"column":31},"end":{"line":60,"column":2}},"line":55},"10":{"name":"(anonymous_10)","decl":{"start":{"line":56,"column":26},"end":{"line":56,"column":27}},"loc":{"start":{"line":56,"column":44},"end":{"line":59,"column":3}},"line":56},"11":{"name":"(anonymous_11)","decl":{"start":{"line":62,"column":1},"end":{"line":62,"column":2}},"loc":{"start":{"line":62,"column":25},"end":{"line":74,"column":2}},"line":62},"12":{"name":"(anonymous_12)","decl":{"start":{"line":63,"column":23},"end":{"line":63,"column":24}},"loc":{"start":{"line":63,"column":38},"end":{"line":73,"column":3}},"line":63},"13":{"name":"(anonymous_13)","decl":{"start":{"line":76,"column":1},"end":{"line":76,"column":2}},"loc":{"start":{"line":76,"column":29},"end":{"line":83,"column":2}},"line":76},"14":{"name":"(anonymous_14)","decl":{"start":{"line":77,"column":25},"end":{"line":77,"column":26}},"loc":{"start":{"line":77,"column":40},"end":{"line":82,"column":3}},"line":77},"15":{"name":"(anonymous_15)","decl":{"start":{"line":85,"column":1},"end":{"line":85,"column":2}},"loc":{"start":{"line":85,"column":28},"end":{"line":87,"column":2}},"line":85},"16":{"name":"(anonymous_16)","decl":{"start":{"line":89,"column":1},"end":{"line":89,"column":2}},"loc":{"start":{"line":89,"column":28},"end":{"line":92,"column":2}},"line":89},"17":{"name":"(anonymous_17)","decl":{"start":{"line":94,"column":1},"end":{"line":94,"column":2}},"loc":{"start":{"line":94,"column":27},"end":{"line":112,"column":2}},"line":94},"18":{"name":"(anonymous_18)","decl":{"start":{"line":95,"column":36},"end":{"line":95,"column":37}},"loc":{"start":{"line":95,"column":46},"end":{"line":111,"column":3}},"line":95}},"branchMap":{"0":{"loc":{"start":{"line":41,"column":9},"end":{"line":41,"column":60}},"type":"cond-expr","locations":[{"start":{"line":41,"column":31},"end":{"line":41,"column":55}},{"start":{"line":41,"column":58},"end":{"line":41,"column":60}}],"line":41},"1":{"loc":{"start":{"line":45,"column":9},"end":{"line":45,"column":60}},"type":"cond-expr","locations":[{"start":{"line":45,"column":31},"end":{"line":45,"column":55}},{"start":{"line":45,"column":58},"end":{"line":45,"column":60}}],"line":45},"2":{"loc":{"start":{"line":65,"column":15},"end":{"line":65,"column":53}},"type":"binary-expr","locations":[{"start":{"line":65,"column":15},"end":{"line":65,"column":24}},{"start":{"line":65,"column":28},"end":{"line":65,"column":53}}],"line":65},"3":{"loc":{"start":{"line":79,"column":15},"end":{"line":79,"column":53}},"type":"binary-expr","locations":[{"start":{"line":79,"column":15},"end":{"line":79,"column":24}},{"start":{"line":79,"column":28},"end":{"line":79,"column":53}}],"line":79}},"s":{"0":0,"1":0,"2":0,"3":0,"4":0,"5":0,"6":0,"7":0,"8":0,"9":0,"10":0,"11":0,"12":0,"13":0,"14":0,"15":0,"16":0,"17":0,"18":0,"19":0,"20":0,"21":0,"22":0,"23":0,"24":0,"25":0,"26":0,"27":0,"28":0,"29":0,"30":0,"31":0,"32":0,"33":0,"34":0,"35":0,"36":0,"37":0,"38":0,"39":0,"40":0,"41":0,"42":0},"f":{"0":0,"1":0,"2":0,"3":0,"4":0,"5":0,"6":0,"7":0,"8":0,"9":0,"10":0,"11":0,"12":0,"13":0,"14":0,"15":0,"16":0,"17":0,"18":0},"b":{"0":[0,0],"1":[0,0],"2":[0,0],"3":[0,0]}}
,"D:\\Coding\\Udemy\\Современный JS c нуля на реальных проектах\\AviaTickets\\src\\js\\views\\currency.js": {"path":"D:\\Coding\\Udemy\\Современный JS c нуля на реальных проектах\\AviaTickets\\src\\js\\views\\currency.js","statementMap":{"0":{"start":{"line":3,"column":2},"end":{"line":3,"column":54}},"1":{"start":{"line":4,"column":2},"end":{"line":7,"column":4}},"2":{"start":{"line":11,"column":2},"end":{"line":11,"column":29}},"3":{"start":{"line":15,"column":2},"end":{"line":15,"column":45}},"4":{"start":{"line":19,"column":19},"end":{"line":19,"column":35}}},"fnMap":{"0":{"name":"(anonymous_0)","decl":{"start":{"line":2,"column":1},"end":{"line":2,"column":2}},"loc":{"start":{"line":2,"column":15},"end":{"line":8,"column":2}},"line":2},"1":{"name":"(anonymous_1)","decl":{"start":{"line":10,"column":1},"end":{"line":10,"column":2}},"loc":{"start":{"line":10,"column":21},"end":{"line":12,"column":2}},"line":10},"2":{"name":"(anonymous_2)","decl":{"start":{"line":14,"column":1},"end":{"line":14,"column":2}},"loc":{"start":{"line":14,"column":21},"end":{"line":16,"column":2}},"line":14}},"branchMap":{},"s":{"0":0,"1":0,"2":0,"3":0,"4":0},"f":{"0":0,"1":0,"2":0},"b":{}}
,"D:\\Coding\\Udemy\\Современный JS c нуля на реальных проектах\\AviaTickets\\src\\js\\views\\form.js": {"path":"D:\\Coding\\Udemy\\Современный JS c нуля на реальных проектах\\AviaTickets\\src\\js\\views\\form.js","statementMap":{"0":{"start":{"line":8,"column":2},"end":{"line":8,"column":50}},"1":{"start":{"line":10,"column":2},"end":{"line":10,"column":63}},"2":{"start":{"line":11,"column":2},"end":{"line":11,"column":73}},"3":{"start":{"line":12,"column":2},"end":{"line":12,"column":61}},"4":{"start":{"line":13,"column":2},"end":{"line":13,"column":61}},"5":{"start":{"line":15,"column":2},"end":{"line":15,"column":62}},"6":{"start":{"line":16,"column":2},"end":{"line":16,"column":72}},"7":{"start":{"line":18,"column":2},"end":{"line":18,"column":58}},"8":{"start":{"line":19,"column":2},"end":{"line":19,"column":58}},"9":{"start":{"line":23,"column":2},"end":{"line":23,"column":20}},"10":{"start":{"line":27,"column":2},"end":{"line":27,"column":27}},"11":{"start":{"line":31,"column":2},"end":{"line":31,"column":32}},"12":{"start":{"line":35,"column":2},"end":{"line":35,"column":42}},"13":{"start":{"line":39,"column":2},"end":{"line":39,"column":42}},"14":{"start":{"line":43,"column":2},"end":{"line":43,"column":43}},"15":{"start":{"line":44,"column":2},"end":{"line":44,"column":48}},"16":{"start":{"line":48,"column":15},"end":{"line":48,"column":73}}},"fnMap":{"0":{"name":"(anonymous_0)","decl":{"start":{"line":7,"column":1},"end":{"line":7,"column":2}},"loc":{"start":{"line":7,"column":55},"end":{"line":20,"column":2}},"line":7},"1":{"name":"(anonymous_1)","decl":{"start":{"line":22,"column":1},"end":{"line":22,"column":2}},"loc":{"start":{"line":22,"column":12},"end":{"line":24,"column":2}},"line":22},"2":{"name":"(anonymous_2)","decl":{"start":{"line":26,"column":1},"end":{"line":26,"column":2}},"loc":{"start":{"line":26,"column":19},"end":{"line":28,"column":2}},"line":26},"3":{"name":"(anonymous_3)","decl":{"start":{"line":30,"column":1},"end":{"line":30,"column":2}},"loc":{"start":{"line":30,"column":24},"end":{"line":32,"column":2}},"line":30},"4":{"name":"(anonymous_4)","decl":{"start":{"line":34,"column":1},"end":{"line":34,"column":2}},"loc":{"start":{"line":34,"column":23},"end":{"line":36,"column":2}},"line":34},"5":{"name":"(anonymous_5)","decl":{"start":{"line":38,"column":1},"end":{"line":38,"column":2}},"loc":{"start":{"line":38,"column":23},"end":{"line":40,"column":2}},"line":38},"6":{"name":"(anonymous_6)","decl":{"start":{"line":42,"column":1},"end":{"line":42,"column":2}},"loc":{"start":{"line":42,"column":27},"end":{"line":45,"column":2}},"line":42}},"branchMap":{},"s":{"0":0,"1":0,"2":0,"3":0,"4":0,"5":0,"6":0,"7":0,"8":0,"9":0,"10":0,"11":0,"12":0,"13":0,"14":0,"15":0,"16":0},"f":{"0":0,"1":0,"2":0,"3":0,"4":0,"5":0,"6":0},"b":{}}
,"D:\\Coding\\Udemy\\Современный JS c нуля на реальных проектах\\AviaTickets\\src\\js\\views\\tickets.js": {"path":"D:\\Coding\\Udemy\\Современный JS c нуля на реальных проектах\\AviaTickets\\src\\js\\views\\tickets.js","statementMap":{"0":{"start":{"line":5,"column":2},"end":{"line":5,"column":68}},"1":{"start":{"line":6,"column":2},"end":{"line":6,"column":69}},"2":{"start":{"line":10,"column":2},"end":{"line":10,"column":24}},"3":{"start":{"line":12,"column":2},"end":{"line":15,"column":3}},"4":{"start":{"line":13,"column":3},"end":{"line":13,"column":23}},"5":{"start":{"line":14,"column":3},"end":{"line":14,"column":10}},"6":{"start":{"line":17,"column":17},"end":{"line":17,"column":19}},"7":{"start":{"line":18,"column":19},"end":{"line":18,"column":43}},"8":{"start":{"line":20,"column":2},"end":{"line":23,"column":5}},"9":{"start":{"line":21,"column":20},"end":{"line":21,"column":62}},"10":{"start":{"line":22,"column":3},"end":{"line":22,"column":24}},"11":{"start":{"line":25,"column":2},"end":{"line":25,"column":60}},"12":{"start":{"line":29,"column":2},"end":{"line":29,"column":32}},"13":{"start":{"line":33,"column":19},"end":{"line":33,"column":47}},"14":{"start":{"line":34,"column":2},"end":{"line":34,"column":60}},"15":{"start":{"line":38,"column":2},"end":{"line":40,"column":10}},"16":{"start":{"line":44,"column":2},"end":{"line":76,"column":10}},"17":{"start":{"line":80,"column":18},"end":{"line":80,"column":43}}},"fnMap":{"0":{"name":"(anonymous_0)","decl":{"start":{"line":4,"column":1},"end":{"line":4,"column":2}},"loc":{"start":{"line":4,"column":23},"end":{"line":7,"column":2}},"line":4},"1":{"name":"(anonymous_1)","decl":{"start":{"line":9,"column":1},"end":{"line":9,"column":2}},"loc":{"start":{"line":9,"column":24},"end":{"line":26,"column":2}},"line":9},"2":{"name":"(anonymous_2)","decl":{"start":{"line":20,"column":18},"end":{"line":20,"column":19}},"loc":{"start":{"line":20,"column":28},"end":{"line":23,"column":3}},"line":20},"3":{"name":"(anonymous_3)","decl":{"start":{"line":28,"column":1},"end":{"line":28,"column":2}},"loc":{"start":{"line":28,"column":18},"end":{"line":30,"column":2}},"line":28},"4":{"name":"(anonymous_4)","decl":{"start":{"line":32,"column":1},"end":{"line":32,"column":2}},"loc":{"start":{"line":32,"column":16},"end":{"line":35,"column":2}},"line":32},"5":{"name":"(anonymous_5)","decl":{"start":{"line":37,"column":1},"end":{"line":37,"column":2}},"loc":{"start":{"line":37,"column":27},"end":{"line":41,"column":2}},"line":37},"6":{"name":"(anonymous_6)","decl":{"start":{"line":43,"column":1},"end":{"line":43,"column":2}},"loc":{"start":{"line":43,"column":41},"end":{"line":77,"column":2}},"line":43}},"branchMap":{"0":{"loc":{"start":{"line":12,"column":2},"end":{"line":15,"column":3}},"type":"if","locations":[{"start":{"line":12,"column":2},"end":{"line":15,"column":3}},{"start":{"line":12,"column":2},"end":{"line":15,"column":3}}],"line":12}},"s":{"0":0,"1":0,"2":0,"3":0,"4":0,"5":0,"6":0,"7":0,"8":0,"9":0,"10":0,"11":0,"12":0,"13":0,"14":0,"15":0,"16":0,"17":0},"f":{"0":0,"1":0,"2":0,"3":0,"4":0,"5":0,"6":0},"b":{"0":[0,0]}}
}
